Arguments: 
  C:\Program Files\nodejs\node.exe C:\Users\Andrés Olivares\AppData\Roaming\npm\node_modules\yarn\bin\yarn.js start

PATH: 
  C:\Program Files\ConEmu\ConEmu\Scripts;C:\Program Files\ConEmu;C:\Program Files\ConEmu\ConEmu;C:\Program Files (x86)\Common Files\Oracle\Java\javapath;C:\ProgramData\Oracle\Java\javapath;C:\Program Files (x86)\Intel\iCLS Client\;C:\Program Files\Intel\iCLS Client\;C:\WINDOWS\system32;C:\WINDOWS;C:\WINDOWS\System32\Wbem;C:\WINDOWS\System32\WindowsPowerShell\v1.0\;C:\Program Files (x86)\Intel\Intel(R) Management Engine Components\DAL;C:\Program Files\Intel\Intel(R) Management Engine Components\DAL;C:\Program Files (x86)\Intel\Intel(R) Management Engine Components\IPT;C:\Program Files\Intel\Intel(R) Management Engine Components\IPT;C:\Program Files\MongoDB\Server\3.4\bin;C:\Program Files\PuTTY\;C:\ProgramData\chocolatey\bin;C:\Program Files\nodejs\;C:\WINDOWS\System32\OpenSSH\;C:\Program Files\R\R-3.4.3\bin;C:\Program Files\Intel\WiFi\bin\;C:\Program Files\Common Files\Intel\WirelessCommon\;D:\ProgramFiles\Go\bin;C:\Program Files\Git\cmd;C:\Users\Andrés Olivares\AppData\Local\Programs\Python\Python36-32\Scripts\;C:\Users\Andrés Olivares\AppData\Local\Programs\Python\Python36-32\;C:\Users\Andrés Olivares\AppData\Local\Microsoft\WindowsApps;C:\Program Files\MongoDB\Server\3.4\bin;C:\Users\Andrés Olivares\AppData\Local\atom\bin;C:\Program Files\Heroku\bin;C:\Users\Andrés Olivares\AppData\Local\Microsoft\WindowsApps;C:\Users\Andrés Olivares\AppData\Local\.meteor;C:\Users\Andrés Olivares\AppData\Roaming\npm;C:\Program Files\Java\jdk1.8.0_144\bin;C:\Program Files\R\R-3.4.3\bin;C:\Users\Andrés Olivares\go\bin;C:\Users\Andrés Olivares\AppData\Local\Programs\Microsoft VS Code\bin;

Yarn version: 
  1.5.1

Node version: 
  8.11.1

Platform: 
  win32 x64

npm manifest: 
  {
    "name": "admin",
    "version": "0.0.0",
    "private": true,
    "scripts": {
      "start": "node ./bin/www"
    },
    "dependencies": {
      "@google-cloud/storage": "^1.7.0",
      "bcrypt-nodejs": "0.0.3",
      "body-parser": "~1.18.2",
      "cookie-parser": "~1.4.3",
      "debug": "~2.6.9",
      "express": "~4.15.5",
      "jade": "~1.11.0",
      "jsonwebtoken": "^8.3.0",
      "mongoose": "^5.2.9",
      "morgan": "~1.9.0",
      "multer": "^1.3.1",
      "node-fetch": "^2.2.0",
      "serve-favicon": "~2.4.5",
      "xlsx": "^0.14.2"
    }
  }

yarn manifest: 
  No manifest

Lockfile: 
  No lockfile

Trace: 
  Error: Command failed.
  Exit code: 1
  Command: C:\WINDOWS\system32\cmd.exe
  Arguments: /d /s /c node ./bin/www
  Directory: D:\trabajos\intelligent.net\Admin
  Output:
  
      at ProcessTermError.MessageError (C:\Users\Andrés Olivares\AppData\Roaming\npm\node_modules\yarn\lib\cli.js:186:110)
      at new ProcessTermError (C:\Users\Andrés Olivares\AppData\Roaming\npm\node_modules\yarn\lib\cli.js:226:113)
      at ChildProcess.<anonymous> (C:\Users\Andrés Olivares\AppData\Roaming\npm\node_modules\yarn\lib\cli.js:30281:17)
      at emitTwo (events.js:126:13)
      at ChildProcess.emit (events.js:214:7)
      at maybeClose (internal/child_process.js:925:16)
      at Process.ChildProcess._handle.onexit (internal/child_process.js:209:5)
